<?xml version="1.0" encoding="UTF-8"?>
<testng-results ignored="0" total="2" passed="2" failed="0" skipped="0">
  <reporter-output>
  </reporter-output>
  <suite started-at="2023-11-20T21:00:02 IST" name="Default suite" finished-at="2023-11-20T21:00:08 IST" duration-ms="5672">
    <groups>
    </groups>
    <test started-at="2023-11-20T21:00:02 IST" name="Default test" finished-at="2023-11-20T21:00:08 IST" duration-ms="5672">
      <class name="PACKAGE.trello_board">
        <test-method signature="createBoard()[pri:0, instance:PACKAGE.trello_board@7c729a55]" started-at="2023-11-20T21:00:02 IST" name="createBoard" finished-at="2023-11-20T21:00:06 IST" duration-ms="3904" status="PASS">
          <reporter-output>
          </reporter-output>
        </test-method> <!-- createBoard -->
        <test-method signature="deleteBoard()[pri:1, instance:PACKAGE.trello_board@7c729a55]" started-at="2023-11-20T21:00:06 IST" name="deleteBoard" finished-at="2023-11-20T21:00:08 IST" duration-ms="1703" status="PASS">
          <reporter-output>
          </reporter-output>
        </test-method> <!-- deleteBoard -->
      </class> <!-- PACKAGE.trello_board -->
    </test> <!-- Default test -->
  </suite> <!-- Default suite -->
</testng-results>
